TN:
SF:src\file-discovery.ts
FN:8,discoverProfiles
FN:19,(anonymous_1)
FN:20,(anonymous_2)
FNF:3
FNH:3
FNDA:9,discoverProfiles
FNDA:8,(anonymous_1)
FNDA:8,(anonymous_2)
DA:9,9
DA:10,2
DA:13,7
DA:14,7
DA:15,6
DA:16,1
DA:18,5
DA:19,8
DA:21,8
DA:22,8
DA:23,8
DA:26,1
DA:27,1
LF:13
LH:13
BRDA:9,0,0,2
BRDA:9,0,1,7
BRDA:9,1,0,9
BRDA:9,1,1,8
BRDA:15,2,0,1
BRDA:15,2,1,5
BRDA:15,3,0,6
BRDA:15,3,1,6
BRDA:15,3,2,6
BRDA:19,4,0,8
BRDA:19,4,1,8
BRDA:21,5,0,8
BRDA:21,5,1,0
BRF:13
BRH:12
end_of_record
TN:
SF:src\log-buffer.ts
FN:18,(anonymous_0)
FN:27,(anonymous_1)
FN:32,(anonymous_2)
FN:42,(anonymous_3)
FN:69,(anonymous_4)
FN:76,(anonymous_5)
FNF:6
FNH:6
FNDA:10,(anonymous_0)
FNDA:20,(anonymous_1)
FNDA:5,(anonymous_2)
FNDA:13,(anonymous_3)
FNDA:6,(anonymous_4)
FNDA:2,(anonymous_5)
DA:8,1
DA:11,10
DA:12,10
DA:15,10
DA:16,10
DA:19,10
DA:20,10
DA:28,20
DA:31,20
DA:32,13
DA:33,5
DA:43,13
DA:44,12
DA:45,12
DA:48,13
DA:49,1
DA:52,12
DA:55,12
DA:56,12
DA:57,3
DA:58,3
DA:61,12
DA:62,12
DA:63,12
DA:70,6
DA:77,2
DA:78,1
DA:79,1
DA:81,2
DA:82,2
DA:83,2
LF:31
LH:31
BRDA:18,0,0,10
BRDA:31,1,0,13
BRDA:31,1,1,7
BRDA:31,2,0,20
BRDA:31,2,1,13
BRDA:43,3,0,12
BRDA:43,3,1,1
BRDA:48,4,0,1
BRDA:48,4,1,12
BRDA:56,5,0,3
BRDA:56,5,1,9
BRDA:77,6,0,1
BRDA:77,6,1,1
BRF:13
BRH:13
end_of_record
TN:
SF:src\settings.ts
FN:23,loadSettings
FN:36,saveSettings
FNF:2
FNH:2
FNDA:10,loadSettings
FNDA:8,saveSettings
DA:12,2
DA:14,2
DA:24,10
DA:25,10
DA:26,10
DA:27,7
DA:28,7
DA:31,1
DA:33,4
DA:37,8
DA:38,8
DA:40,0
LF:12
LH:11
BRDA:26,0,0,7
BRDA:26,0,1,3
BRF:2
BRH:2
end_of_record
TN:
SF:src\streaming-runner.ts
FN:18,runAutosuiteStreaming
FN:49,(anonymous_1)
FN:78,(anonymous_2)
FN:79,(anonymous_3)
FN:83,(anonymous_4)
FNF:5
FNH:4
FNDA:12,runAutosuiteStreaming
FNDA:22,(anonymous_1)
FNDA:12,(anonymous_2)
FNDA:0,(anonymous_3)
FNDA:12,(anonymous_4)
DA:24,12
DA:29,12
DA:30,1
DA:31,1
DA:33,11
DA:34,11
DA:44,12
DA:45,12
DA:46,12
DA:47,12
DA:49,12
DA:50,22
DA:51,22
DA:53,22
DA:54,8
DA:55,14
DA:56,2
DA:57,12
DA:58,12
DA:63,12
DA:64,12
DA:66,12
DA:72,12
DA:78,12
DA:79,12
DA:80,0
DA:83,12
DA:84,12
DA:85,12
DA:86,12
DA:87,12
DA:92,12
DA:95,12
DA:96,12
DA:99,12
DA:100,8
DA:102,8
DA:103,8
DA:104,16
DA:105,16
DA:107,5
DA:108,5
DA:109,5
DA:111,5
DA:115,3
DA:116,3
DA:120,1
DA:125,0
DA:129,12
LF:49
LH:47
BRDA:29,0,0,1
BRDA:29,0,1,11
BRDA:53,1,0,8
BRDA:53,1,1,14
BRDA:55,2,0,2
BRDA:55,2,1,12
BRDA:57,3,0,12
BRDA:57,3,1,0
BRDA:58,4,0,12
BRDA:58,4,1,0
BRDA:63,5,0,12
BRDA:63,5,1,10
BRDA:64,6,0,2
BRDA:64,6,1,10
BRDA:84,7,0,12
BRDA:84,7,1,0
BRDA:99,8,0,8
BRDA:99,8,1,4
BRDA:105,9,0,5
BRDA:105,9,1,11
BRDA:111,10,0,3
BRDA:111,10,1,2
BRDA:111,11,0,5
BRDA:111,11,1,4
BRDA:111,11,2,4
BRDA:111,11,3,3
BRDA:111,11,4,3
BRF:27
BRH:24
end_of_record
TN:
SF:src\utils.ts
FN:5,stripAnsi
FNF:1
FNH:1
FNDA:6,stripAnsi
DA:7,6
LF:1
LH:1
BRF:0
BRH:0
end_of_record
TN:
SF:src\components\app\apply-result-modal.tsx
FN:21,ApplyResultModal
FN:40,(anonymous_1)
FN:53,(anonymous_2)
FN:54,(anonymous_3)
FN:72,(anonymous_4)
FN:89,(anonymous_5)
FN:101,(anonymous_6)
FN:108,(anonymous_7)
FN:130,(anonymous_8)
FN:140,(anonymous_9)
FN:151,(anonymous_10)
FN:159,(anonymous_11)
FN:185,(anonymous_12)
FN:199,(anonymous_13)
FN:200,(anonymous_14)
FN:281,(anonymous_15)
FN:294,(anonymous_16)
FNF:17
FNH:13
FNDA:43,ApplyResultModal
FNDA:3,(anonymous_1)
FNDA:31,(anonymous_2)
FNDA:31,(anonymous_3)
FNDA:0,(anonymous_4)
FNDA:0,(anonymous_5)
FNDA:0,(anonymous_6)
FNDA:14,(anonymous_7)
FNDA:31,(anonymous_8)
FNDA:46,(anonymous_9)
FNDA:42,(anonymous_10)
FNDA:42,(anonymous_11)
FNDA:2,(anonymous_12)
FNDA:1,(anonymous_13)
FNDA:0,(anonymous_14)
FNDA:7,(anonymous_15)
FNDA:14,(anonymous_16)
DA:33,43
DA:34,43
DA:37,43
DA:40,43
DA:41,3
DA:42,1
DA:43,1
DA:48,43
DA:49,0
DA:53,42
DA:54,42
DA:57,42
DA:58,42
DA:59,42
DA:60,42
DA:61,42
DA:67,42
DA:68,42
DA:70,42
DA:72,43
DA:73,0
DA:89,0
DA:98,0
DA:99,0
DA:100,0
DA:101,0
DA:103,0
DA:108,43
DA:110,14
DA:111,4
DA:113,10
DA:114,2
DA:116,8
DA:117,4
DA:119,4
DA:120,4
DA:122,0
DA:123,0
DA:126,0
DA:130,43
DA:131,31
DA:140,31
DA:141,46
DA:142,46
DA:143,46
DA:148,43
DA:151,43
DA:152,42
DA:153,33
DA:154,13
DA:155,9
DA:156,0
DA:159,43
DA:160,42
DA:162,9
DA:163,9
DA:164,6
DA:166,3
DA:168,33
DA:170,20
DA:172,13
DA:174,4
DA:176,9
DA:178,9
DA:181,0
DA:185,43
DA:187,2
DA:188,1
DA:190,1
DA:191,1
DA:195,43
DA:199,1
DA:200,0
DA:281,7
DA:295,14
DA:296,14
DA:297,14
LF:77
LH:63
BRDA:28,0,0,43
BRDA:41,1,0,2
BRDA:41,1,1,1
BRDA:41,2,0,3
BRDA:41,2,1,1
BRDA:48,3,0,0
BRDA:48,3,1,43
BRDA:48,4,0,43
BRDA:48,4,1,33
BRDA:70,5,0,42
BRDA:70,5,1,20
BRDA:70,5,2,9
BRDA:70,5,3,7
BRDA:89,6,0,0
BRDA:89,6,1,0
BRDA:92,7,0,0
BRDA:92,7,1,0
BRDA:95,8,0,0
BRDA:95,8,1,0
BRDA:110,9,0,4
BRDA:110,9,1,10
BRDA:113,10,0,2
BRDA:113,10,1,8
BRDA:116,11,0,4
BRDA:116,11,1,4
BRDA:116,12,0,8
BRDA:116,12,1,4
BRDA:119,13,0,4
BRDA:119,13,1,0
BRDA:119,14,0,4
BRDA:119,14,1,0
BRDA:122,15,0,0
BRDA:122,15,1,0
BRDA:122,16,0,0
BRDA:122,16,1,0
BRDA:126,17,0,0
BRDA:126,17,1,0
BRDA:141,18,0,46
BRDA:141,18,1,0
BRDA:141,19,0,46
BRDA:141,19,1,0
BRDA:142,20,0,46
BRDA:142,20,1,0
BRDA:142,21,0,46
BRDA:142,21,1,0
BRDA:152,22,0,9
BRDA:152,22,1,33
BRDA:153,23,0,20
BRDA:153,23,1,13
BRDA:154,24,0,4
BRDA:154,24,1,9
BRDA:155,25,0,9
BRDA:155,25,1,0
BRDA:160,26,0,9
BRDA:160,26,1,33
BRDA:163,27,0,6
BRDA:163,27,1,3
BRDA:164,28,0,4
BRDA:164,28,1,2
BRDA:166,29,0,0
BRDA:166,29,1,3
BRDA:168,30,0,20
BRDA:168,30,1,13
BRDA:170,31,0,20
BRDA:170,31,1,0
BRDA:172,32,0,4
BRDA:172,32,1,9
BRDA:176,33,0,9
BRDA:176,33,1,0
BRDA:187,34,0,1
BRDA:187,34,1,1
BRDA:187,35,0,2
BRDA:187,35,1,2
BRDA:190,36,0,1
BRDA:190,36,1,0
BRDA:199,37,0,1
BRDA:199,37,1,33
BRDA:200,38,0,0
BRDA:200,38,1,33
BRDA:204,39,0,9
BRDA:204,39,1,33
BRDA:206,40,0,20
BRDA:206,40,1,13
BRDA:208,41,0,4
BRDA:208,41,1,9
BRDA:227,42,0,9
BRDA:227,42,1,33
BRDA:235,43,0,33
BRDA:235,43,1,20
BRDA:235,43,2,20
BRDA:243,44,0,33
BRDA:243,44,1,13
BRDA:243,44,2,9
BRDA:251,45,0,33
BRDA:251,45,1,20
BRDA:259,46,0,33
BRDA:259,46,1,20
BRDA:267,47,0,33
BRDA:267,47,1,0
BRDA:278,48,0,43
BRDA:278,48,1,42
BRDA:278,48,2,33
BRDA:286,49,0,6
BRDA:286,49,1,27
BRDA:290,50,0,33
BRDA:290,50,1,6
BRDA:296,51,0,14
BRDA:296,51,1,10
BRDA:296,51,2,8
BRDA:300,52,0,10
BRDA:300,52,1,4
BRDA:322,53,0,0
BRDA:322,53,1,6
BRDA:334,54,0,43
BRDA:334,54,1,29
BRDA:334,54,2,6
BRDA:338,55,0,6
BRDA:338,55,1,4
BRDA:340,56,0,2
BRDA:340,56,1,4
BRDA:345,57,0,20
BRDA:345,57,1,22
BRDA:345,58,0,43
BRDA:345,58,1,29
BRDA:350,59,0,9
BRDA:350,59,1,33
BRDA:350,60,0,20
BRDA:350,60,1,13
BRDA:350,61,0,4
BRDA:350,61,1,9
BRF:130
BRH:103
end_of_record
TN:
SF:src\components\app\capture-result-modal.tsx
FN:18,CaptureResultModal
FN:34,(anonymous_1)
FN:41,(anonymous_2)
FN:51,(anonymous_3)
FN:58,(anonymous_4)
FN:60,(anonymous_5)
FN:73,(anonymous_6)
FN:123,(anonymous_7)
FN:135,(anonymous_8)
FN:138,(anonymous_9)
FN:150,(anonymous_10)
FN:180,(anonymous_11)
FN:186,(anonymous_12)
FNF:13
FNH:7
FNDA:42,CaptureResultModal
FNDA:83,(anonymous_1)
FNDA:2,(anonymous_2)
FNDA:0,(anonymous_3)
FNDA:0,(anonymous_4)
FNDA:0,(anonymous_5)
FNDA:0,(anonymous_6)
FNDA:8,(anonymous_7)
FNDA:15,(anonymous_8)
FNDA:2,(anonymous_9)
FNDA:2,(anonymous_10)
FNDA:0,(anonymous_11)
FNDA:0,(anonymous_12)
DA:28,42
DA:29,42
DA:30,42
DA:31,42
DA:34,42
DA:35,83
DA:36,83
DA:37,83
DA:38,83
DA:41,42
DA:42,2
DA:43,2
DA:44,0
DA:46,2
DA:48,2
DA:51,42
DA:52,0
DA:58,0
DA:60,0
DA:70,0
DA:71,0
DA:72,0
DA:73,0
DA:75,0
DA:79,42
DA:123,8
DA:136,15
DA:138,2
DA:151,2
DA:180,0
DA:186,0
LF:31
LH:20
BRDA:31,0,0,39
BRDA:31,0,1,2
BRDA:31,1,0,39
BRDA:31,1,1,0
BRDA:35,2,0,83
BRDA:35,2,1,0
BRDA:36,3,0,60
BRDA:36,3,1,23
BRDA:43,4,0,0
BRDA:43,4,1,2
BRDA:64,5,0,0
BRDA:64,5,1,0
BRDA:67,6,0,0
BRDA:67,6,1,0
BRDA:87,7,0,42
BRDA:87,7,1,39
BRDA:101,8,0,42
BRDA:101,8,1,18
BRDA:108,9,0,42
BRDA:108,9,1,1
BRDA:120,10,0,42
BRDA:120,10,1,39
BRDA:128,11,0,9
BRDA:128,11,1,30
BRDA:132,12,0,39
BRDA:132,12,1,9
BRDA:142,13,0,2
BRDA:142,13,1,13
BRDA:148,14,0,15
BRDA:148,14,1,2
BRDA:170,15,0,0
BRDA:170,15,1,9
BRDA:179,16,0,42
BRDA:179,16,1,0
BRDA:185,17,0,42
BRDA:185,17,1,39
BRDA:191,18,0,0
BRDA:191,18,1,41
BRDA:192,19,0,0
BRDA:192,19,1,41
BRF:40
BRH:29
end_of_record
TN:
SF:src\components\ui\button.tsx
FN:37,(anonymous_0)
FNF:1
FNH:1
FNDA:142,(anonymous_0)
DA:6,5
DA:36,5
DA:38,142
DA:39,142
DA:48,5
LF:5
LH:5
BRDA:37,0,0,142
BRDA:38,1,0,0
BRDA:38,1,1,142
BRF:3
BRH:2
end_of_record
TN:
SF:src\components\ui\dialog.tsx
FN:17,(anonymous_0)
FN:32,(anonymous_1)
FN:53,(anonymous_2)
FN:67,(anonymous_3)
FN:84,(anonymous_4)
FN:99,(anonymous_5)
FNF:6
FNH:6
FNDA:137,(anonymous_0)
FNDA:83,(anonymous_1)
FNDA:81,(anonymous_2)
FNDA:81,(anonymous_3)
FNDA:81,(anonymous_4)
FNDA:81,(anonymous_5)
DA:6,4
DA:8,4
DA:10,4
DA:12,4
DA:14,4
DA:18,137
DA:27,4
DA:29,4
DA:33,83
DA:51,4
DA:53,4
DA:57,81
DA:65,4
DA:67,4
DA:71,81
DA:79,4
DA:81,4
DA:85,81
DA:94,4
DA:96,4
DA:100,81
DA:106,4
LF:22
LH:22
BRF:0
BRH:0
end_of_record
TN:
SF:src\lib\apply-utils.ts
FN:43,normalizeApplyStatus
FN:85,categorizeApplyItems
FN:110,countCategorizedItems
FN:117,(anonymous_3)
FN:118,(anonymous_4)
FN:139,isApplyReady
FN:157,isPreviewResult
FN:166,isAllAlreadyPresent
FN:196,parseApplyProgressLine
FN:272,(anonymous_9)
FN:290,(anonymous_10)
FN:297,(anonymous_11)
FNF:12
FNH:12
FNDA:213,normalizeApplyStatus
FNDA:39,categorizeApplyItems
FNDA:35,countCategorizedItems
FNDA:175,(anonymous_3)
FNDA:72,(anonymous_4)
FNDA:4,isApplyReady
FNDA:2,isPreviewResult
FNDA:5,isAllAlreadyPresent
FNDA:18,parseApplyProgressLine
FNDA:7,(anonymous_9)
FNDA:4,(anonymous_10)
FNDA:1,(anonymous_11)
DA:44,213
DA:45,213
DA:48,213
DA:49,20
DA:53,193
DA:54,31
DA:58,162
DA:59,14
DA:63,148
DA:64,144
DA:68,4
DA:70,1
DA:74,3
DA:75,3
DA:79,0
DA:86,39
DA:94,39
DA:95,203
DA:96,203
DA:98,203
DA:99,80
DA:101,203
DA:104,39
DA:117,35
DA:118,175
DA:120,35
DA:143,4
DA:144,1
DA:147,3
DA:148,2
DA:151,1
DA:160,2
DA:170,5
DA:171,5
DA:172,5
DA:173,5
DA:175,5
DA:197,18
DA:198,3
DA:202,15
DA:203,15
DA:204,2
DA:205,2
DA:209,13
DA:210,13
DA:211,1
DA:215,12
DA:216,12
DA:217,1
DA:221,11
DA:222,11
DA:223,1
DA:227,10
DA:228,10
DA:229,2
DA:230,2
DA:234,8
DA:235,8
DA:236,1
DA:240,7
DA:241,7
DA:242,1
DA:246,6
DA:247,6
DA:248,1
DA:252,5
DA:253,5
DA:254,3
DA:256,3
DA:259,2
DA:267,6
DA:273,7
DA:274,7
DA:277,7
DA:278,8
DA:279,8
DA:281,8
DA:284,7
DA:291,4
DA:298,1
LF:80
LH:79
BRDA:44,0,0,213
BRDA:44,0,1,0
BRDA:45,1,0,213
BRDA:45,1,1,3
BRDA:48,2,0,20
BRDA:48,2,1,193
BRDA:48,3,0,213
BRDA:48,3,1,194
BRDA:48,3,2,193
BRDA:53,4,0,31
BRDA:53,4,1,162
BRDA:58,5,0,14
BRDA:58,5,1,148
BRDA:63,6,0,144
BRDA:63,6,1,4
BRDA:68,7,0,1
BRDA:68,7,1,3
BRDA:74,8,0,3
BRDA:74,8,1,0
BRDA:96,9,0,203
BRDA:96,9,1,1
BRDA:98,10,0,80
BRDA:98,10,1,123
BRDA:143,11,0,1
BRDA:143,11,1,3
BRDA:147,12,0,2
BRDA:147,12,1,1
BRDA:175,13,0,5
BRDA:175,13,1,4
BRDA:175,13,2,3
BRDA:175,13,3,2
BRDA:197,14,0,3
BRDA:197,14,1,15
BRDA:197,15,0,18
BRDA:197,15,1,15
BRDA:203,16,0,2
BRDA:203,16,1,13
BRDA:205,17,0,1
BRDA:205,17,1,1
BRDA:210,18,0,1
BRDA:210,18,1,12
BRDA:216,19,0,1
BRDA:216,19,1,11
BRDA:222,20,0,1
BRDA:222,20,1,10
BRDA:228,21,0,2
BRDA:228,21,1,8
BRDA:230,22,0,1
BRDA:230,22,1,1
BRDA:235,23,0,1
BRDA:235,23,1,7
BRDA:241,24,0,1
BRDA:241,24,1,6
BRDA:247,25,0,1
BRDA:247,25,1,5
BRDA:253,26,0,3
BRDA:253,26,1,2
BRDA:254,27,0,1
BRDA:254,27,1,2
BRDA:255,28,0,1
BRDA:255,28,1,1
BRF:61
BRH:59
end_of_record
TN:
SF:src\lib\last-run.ts
FN:45,saveLastRun
FN:57,loadLastRunForCommand
FN:72,loadAllLastRuns
FN:84,migrateLegacyLastRun
FN:105,loadLastRun
FNF:5
FNH:2
FNDA:5,saveLastRun
FNDA:9,loadLastRunForCommand
FNDA:0,loadAllLastRuns
FNDA:0,migrateLegacyLastRun
FNDA:0,loadLastRun
DA:33,1
DA:40,1
DA:46,5
DA:47,5
DA:48,5
DA:50,0
DA:58,9
DA:59,9
DA:60,9
DA:61,9
DA:62,4
DA:64,0
DA:65,0
DA:73,0
DA:85,0
DA:86,0
DA:87,0
DA:89,0
DA:90,0
DA:92,0
DA:97,0
DA:107,0
DA:108,0
DA:109,0
DA:113,0
LF:25
LH:10
BRDA:61,0,0,5
BRDA:61,0,1,4
BRDA:87,1,0,0
BRDA:87,1,1,0
BRDA:90,2,0,0
BRDA:90,2,1,0
BRDA:90,3,0,0
BRDA:90,3,1,0
BRDA:109,4,0,0
BRDA:109,4,1,0
BRF:10
BRH:2
end_of_record
TN:
SF:src\lib\log-parse.ts
FN:26,parseCaptureOutput
FNF:1
FNH:1
FNDA:18,parseCaptureOutput
DA:27,18
DA:37,18
DA:39,18
DA:41,18
DA:43,44
DA:44,44
DA:45,4
DA:46,4
DA:47,4
DA:52,44
DA:54,41
DA:55,41
DA:56,24
DA:57,24
DA:58,24
DA:59,24
DA:60,24
DA:63,24
DA:64,24
DA:71,24
DA:72,12
DA:73,1
DA:74,1
DA:80,44
DA:81,3
DA:82,3
DA:83,3
DA:84,3
DA:85,3
DA:86,3
DA:95,44
DA:96,44
DA:97,3
DA:101,18
LF:34
LH:34
BRDA:37,0,0,0
BRDA:37,0,1,18
BRDA:44,1,0,4
BRDA:44,1,1,40
BRDA:52,2,0,41
BRDA:52,2,1,3
BRDA:55,3,0,24
BRDA:55,3,1,17
BRDA:63,4,0,14
BRDA:63,4,1,10
BRDA:63,5,0,7
BRDA:63,5,1,3
BRDA:71,6,0,12
BRDA:71,6,1,12
BRDA:71,7,0,24
BRDA:71,7,1,12
BRDA:71,7,2,12
BRDA:72,8,0,10
BRDA:72,8,1,2
BRDA:72,9,0,1
BRDA:72,9,1,1
BRDA:73,10,0,1
BRDA:73,10,1,0
BRDA:80,11,0,3
BRDA:80,11,1,41
BRDA:83,12,0,3
BRDA:83,12,1,0
BRDA:85,13,0,3
BRDA:85,13,1,0
BRDA:96,14,0,3
BRDA:96,14,1,41
BRDA:96,15,0,44
BRDA:96,15,1,3
BRF:33
BRH:29
end_of_record
TN:
SF:src\lib\storage.ts
FN:23,getNamespace
FN:38,getNamespacedKey
FN:59,getItem
FN:89,setItem
FN:97,removeItem
FN:108,clearAllKnownKeys
FN:123,getCurrentNamespace
FNF:7
FNH:4
FNDA:32,getNamespace
FNDA:13,getNamespacedKey
FNDA:19,getItem
FNDA:13,setItem
FNDA:0,removeItem
FNDA:0,clearAllKnownKeys
FNDA:0,getCurrentNamespace
DA:18,2
DA:25,32
DA:26,32
DA:29,32
DA:32,32
DA:39,13
DA:40,13
DA:46,2
DA:60,19
DA:61,19
DA:64,19
DA:65,19
DA:66,10
DA:70,9
DA:71,0
DA:75,9
DA:76,9
DA:78,1
DA:79,1
DA:80,1
DA:83,8
DA:90,13
DA:91,13
DA:98,0
DA:99,0
DA:101,0
DA:109,0
DA:111,0
DA:114,0
DA:115,0
DA:124,0
LF:31
LH:22
BRDA:26,0,0,0
BRDA:26,0,1,32
BRDA:29,1,0,0
BRDA:29,1,1,32
BRDA:65,2,0,10
BRDA:65,2,1,9
BRDA:70,3,0,0
BRDA:70,3,1,9
BRDA:76,4,0,1
BRDA:76,4,1,8
BRF:10
BRH:7
end_of_record
TN:
SF:src\lib\tauri-bridge.ts
FN:15,(anonymous_0)
FN:16,(anonymous_1)
FN:17,(anonymous_2)
FN:18,(anonymous_3)
FN:19,(anonymous_4)
FN:20,(anonymous_5)
FN:21,(anonymous_6)
FN:27,hasTestMock
FN:38,isTauriRuntime
FN:64,safeInvoke
FN:90,safeListen
FN:101,(anonymous_11)
FN:117,(anonymous_12)
FN:121,getProfilesDirectory
FN:132,ensureDirectory
FNF:15
FNH:1
FNDA:0,(anonymous_0)
FNDA:0,(anonymous_1)
FNDA:0,(anonymous_2)
FNDA:0,(anonymous_3)
FNDA:0,(anonymous_4)
FNDA:0,(anonymous_5)
FNDA:0,(anonymous_6)
FNDA:0,hasTestMock
FNDA:32,isTauriRuntime
FNDA:0,safeInvoke
FNDA:0,safeListen
FNDA:0,(anonymous_11)
FNDA:0,(anonymous_12)
FNDA:0,getProfilesDirectory
FNDA:0,ensureDirectory
DA:14,2
DA:15,0
DA:16,0
DA:17,0
DA:18,0
DA:19,0
DA:20,0
DA:21,0
DA:28,0
DA:29,0
DA:31,0
DA:39,32
DA:42,32
DA:45,32
DA:48,32
DA:52,32
DA:53,32
DA:55,0
DA:59,32
DA:61,32
DA:66,0
DA:67,0
DA:70,0
DA:73,0
DA:74,0
DA:75,0
DA:78,0
DA:79,0
DA:80,0
DA:83,0
DA:84,0
DA:86,0
DA:95,0
DA:96,0
DA:97,0
DA:98,0
DA:101,0
DA:104,0
DA:107,0
DA:108,0
DA:109,0
DA:112,0
DA:113,0
DA:114,0
DA:117,0
DA:122,0
DA:124,0
DA:125,0
DA:126,0
DA:128,0
DA:133,0
DA:134,0
DA:140,2
DA:141,2
LF:54
LH:11
BRDA:28,0,0,0
BRDA:28,0,1,0
BRDA:31,1,0,0
BRDA:31,1,1,0
BRDA:39,2,0,0
BRDA:39,2,1,32
BRDA:42,3,0,0
BRDA:42,3,1,32
BRDA:45,4,0,0
BRDA:45,4,1,32
BRDA:48,5,0,0
BRDA:48,5,1,32
BRDA:53,6,0,0
BRDA:53,6,1,32
BRDA:53,7,0,32
BRDA:53,7,1,0
BRDA:59,8,0,0
BRDA:59,8,1,32
BRDA:59,9,0,32
BRDA:59,9,1,32
BRDA:66,10,0,0
BRDA:66,10,1,0
BRDA:78,11,0,0
BRDA:78,11,1,0
BRDA:79,12,0,0
BRDA:79,12,1,0
BRDA:83,13,0,0
BRDA:83,13,1,0
BRDA:95,14,0,0
BRDA:95,14,1,0
BRDA:97,15,0,0
BRDA:97,15,1,0
BRDA:112,16,0,0
BRDA:112,16,1,0
BRDA:113,17,0,0
BRDA:113,17,1,0
BRDA:122,18,0,0
BRDA:122,18,1,0
BRDA:126,19,0,0
BRDA:126,19,1,0
BRF:40
BRH:9
end_of_record
TN:
SF:src\lib\utils.ts
FN:4,cn
FNF:1
FNH:1
FNDA:686,cn
DA:5,686
LF:1
LH:1
BRF:0
BRH:0
end_of_record
